<?xml version="1.0" encoding="UTF-8"?>
<!-- Generated by org.testng.reporters.JUnitReportReporter -->
<testsuite hostname="LTIN283332" failures="0" tests="3" name="TestRunner.TestRunner" time="579.141" errors="0" timestamp="2024-03-14T13:33:49 IST" skipped="0">
  <testcase classname="TestRunner.TestRunner" name="runScenario" time="15.558"/>
  <testcase classname="TestRunner.TestRunner" name="runScenario" time="532.689"/>
  <testcase classname="TestRunner.TestRunner" name="runScenario" time="30.894"/>
</testsuite> <!-- TestRunner.TestRunner -->
