<?xml version="1.0" encoding="UTF-8"?>
<!-- Generated by org.testng.reporters.JUnitReportReporter -->
<testsuite hostname="LTIN283332" failures="0" tests="3" name="TestRunner.TestRunner" time="627.925" errors="0" timestamp="2024-02-29T14:11:01 IST" skipped="0">
  <testcase classname="TestRunner.TestRunner" name="runScenario" time="579.869"/>
  <testcase classname="TestRunner.TestRunner" name="runScenario" time="24.417"/>
  <testcase classname="TestRunner.TestRunner" name="runScenario" time="23.639"/>
</testsuite> <!-- TestRunner.TestRunner -->
